classlist: plot LinScale LogScale scale
ctypelist: curve
tuplelist: xypoint
metatype plot: class
isvirtual plot: 0
allfields plot: xscale yscale curves
alltypes plot: scale scale [curve]
  type plot xscale: scale
  typename plot xscale: scale
  typelevel plot xscale: 0
  type plot yscale: scale
  typename plot yscale: scale
  typelevel plot yscale: 0
  type plot curves: [curve]
  typename plot curves: curve
  typelevel plot curves: 1
metatype curve: constructorbase
isvirtual curve: 1
allfields curve: 
alltypes curve: 
metatype XYCurve: constructor
isvirtual XYCurve: 0
allfields XYCurve: color points
alltypes XYCurve: int [xypoint]
  type XYCurve color: int
  typename XYCurve color: int
  typelevel XYCurve color: 0
  type XYCurve points: [xypoint]
  typename XYCurve points: xypoint
  typelevel XYCurve points: 1
metatype YCurve: constructor
isvirtual YCurve: 0
allfields YCurve: color xstart xend points
alltypes YCurve: int num num [num]
  type YCurve color: int
  typename YCurve color: int
  typelevel YCurve color: 0
  type YCurve xstart: num
  typename YCurve xstart: num
  typelevel YCurve xstart: 0
  type YCurve xend: num
  typename YCurve xend: num
  typelevel YCurve xend: 0
  type YCurve points: [num]
  typename YCurve points: num
  typelevel YCurve points: 1
metatype xypoint: tuple
isvirtual xypoint: 0
allfields xypoint: x y
alltypes xypoint: num num
  type xypoint x: num
  typename xypoint x: num
  typelevel xypoint x: 0
  type xypoint y: num
  typename xypoint y: num
  typelevel xypoint y: 0
metatype LinScale: class
isvirtual LinScale: 0
allfields LinScale: from to
alltypes LinScale: tmstring num num
  type LinScale from: num
  typename LinScale from: num
  typelevel LinScale from: 0
  type LinScale to: num
  typename LinScale to: num
  typelevel LinScale to: 0
metatype LogScale: class
isvirtual LogScale: 0
allfields LogScale: from to
alltypes LogScale: tmstring num num
  type LogScale from: num
  typename LogScale from: num
  typelevel LogScale from: 0
  type LogScale to: num
  typename LogScale to: num
  typelevel LogScale to: 0
metatype scale: class
isvirtual scale: 1
allfields scale: title
alltypes scale: tmstring
  type scale title: tmstring
  typename scale title: tmstring
  typelevel scale title: 0
metatype num: alias
isvirtual num: 0
allfields num: 
alltypes num: 
